<?xml version="1.0" encoding="UTF-8"?>
<!-- Generated by org.testng.reporters.JUnitXMLReporter -->
<testsuite ignored="0" hostname="Rinaldo" failures="2" tests="16" name="GroupDependencyTest" time="36.202" errors="0" timestamp="2024-08-05T16:27:16 IST">
  <testcase classname="com.qa.testcases.SearchProductTestCase" name="searchExistingProduct" time="1.275"/>
  <testcase classname="com.qa.testcases.RegisterTestCase" name="verifyRegisterPageDetails" time="0.682"/>
  <testcase classname="com.qa.testcases.RegisterTestCase" name="registerNewUserWithNewsLetter" time="3.44"/>
  <testcase classname="com.qa.testcases.LoginTestCase" name="LoginWithInvalidCredentials" time="1.37"/>
  <testcase classname="com.qa.testcases.LoginTestCase" name="LoginWithValidCredentials" time="1.551"/>
  <testcase classname="com.qa.testcases.LoginTestCase" name="LoginWithInvalidCredentials" time="1.409"/>
  <testcase classname="com.qa.testcases.SearchProductTestCase" name="searchWithoutProductName" time="11.174">
    <failure type="java.lang.IndexOutOfBoundsException" message="Index 0 out of bounds for length 0">
      <![CDATA[java.lang.IndexOutOfBoundsException: Index 0 out of bounds for length 0
at java.base/jdk.internal.util.Preconditions.outOfBounds(Preconditions.java:64)
at java.base/jdk.internal.util.Preconditions.outOfBoundsCheckIndex(Preconditions.java:70)
at java.base/jdk.internal.util.Preconditions.checkIndex(Preconditions.java:266)
at java.base/java.util.Objects.checkIndex(Objects.java:361)
at java.base/java.util.ArrayList.get(ArrayList.java:427)
at org.openqa.selenium.support.pagefactory.internal.LocatingElementListHandler.invoke(LocatingElementListHandler.java:39)
at jdk.proxy2/jdk.proxy2.$Proxy15.get(Unknown Source)
at com.qa.pages.HomePage.EnterProductName(HomePage.java:90)
at com.qa.pages.HomePage.SearchProduct(HomePage.java:104)
at com.qa.pages.HomePage.checkIfProductExists(HomePage.java:130)
at com.qa.testcases.SearchProductTestCase.searchWithoutProductName(SearchProductTestCase.java:28)
at java.base/java.util.concurrent.ThreadPoolExecutor.runWorker(ThreadPoolExecutor.java:1136)
at java.base/java.util.concurrent.ThreadPoolExecutor$Worker.run(ThreadPoolExecutor.java:635)
at java.base/java.lang.Thread.run(Thread.java:833)
... Removed 16 stack frames]]>
    </failure>
  </testcase> <!-- searchWithoutProductName -->
  <testcase classname="com.qa.testcases.LoginTestCase" name="LoginWithValidCredentials" time="4.11"/>
  <testcase classname="com.qa.testcases.LoginTestCase" name="LoginWithValidCredsAndParrallelAttribute" time="2.744"/>
  <testcase classname="com.qa.testcases.LoginTestCase" name="LoginWithValidCredsAndParrallelAttribute" time="2.906"/>
  <testcase classname="com.qa.testcases.LoginTestCase" name="LoginWithValidCredsAndParrallelAttribute" time="3.332"/>
  <testcase classname="com.qa.testcases.LoginTestCase" name="LoginWithValidCredsAndParrallelAttribute" time="3.008"/>
  <testcase classname="com.qa.testcases.LoginTestCase" name="ValidateForgotPasswordLink" time="1.301"/>
  <testcase classname="com.qa.testcases.RegisterTestCase" name="registerNewUser" time="2.751"/>
  <testcase classname="com.qa.testcases.RegisterTestCase" name="registerNewUserWithNoInfo" time="1.22"/>
  <testcase classname="com.qa.testcases.SearchProductTestCase" name="searchNonExistentProduct" time="10.807">
    <failure type="java.lang.IndexOutOfBoundsException" message="Index 0 out of bounds for length 0">
      <![CDATA[java.lang.IndexOutOfBoundsException: Index 0 out of bounds for length 0
at java.base/jdk.internal.util.Preconditions.outOfBounds(Preconditions.java:64)
at java.base/jdk.internal.util.Preconditions.outOfBoundsCheckIndex(Preconditions.java:70)
at java.base/jdk.internal.util.Preconditions.checkIndex(Preconditions.java:266)
at java.base/java.util.Objects.checkIndex(Objects.java:361)
at java.base/java.util.ArrayList.get(ArrayList.java:427)
at org.openqa.selenium.support.pagefactory.internal.LocatingElementListHandler.invoke(LocatingElementListHandler.java:39)
at jdk.proxy2/jdk.proxy2.$Proxy15.get(Unknown Source)
at com.qa.pages.HomePage.EnterProductName(HomePage.java:90)
at com.qa.pages.HomePage.SearchProduct(HomePage.java:104)
at com.qa.pages.HomePage.checkIfProductExists(HomePage.java:130)
at com.qa.testcases.SearchProductTestCase.searchNonExistentProduct(SearchProductTestCase.java:21)
at java.base/java.util.concurrent.ThreadPoolExecutor.runWorker(ThreadPoolExecutor.java:1136)
at java.base/java.util.concurrent.ThreadPoolExecutor$Worker.run(ThreadPoolExecutor.java:635)
at java.base/java.lang.Thread.run(Thread.java:833)
... Removed 16 stack frames]]>
    </failure>
  </testcase> <!-- searchNonExistentProduct -->
</testsuite> <!-- GroupDependencyTest -->
