<?xml version="1.0" encoding="UTF-8"?>
<!-- Generated by org.testng.reporters.JUnitXMLReporter -->
<testsuite ignored="0" hostname="Rinaldo" failures="0" tests="9" name="LoginTest" time="18.813" errors="0" timestamp="2024-08-05T16:30:14 IST">
  <testcase classname="com.qa.testcases.LoginTestCase" name="LoginWithInvalidCredentials" time="1.257"/>
  <testcase classname="com.qa.testcases.LoginTestCase" name="LoginWithInvalidCredentials" time="1.195"/>
  <testcase classname="com.qa.testcases.LoginTestCase" name="LoginWithValidCredentials" time="1.616"/>
  <testcase classname="com.qa.testcases.LoginTestCase" name="LoginWithValidCredentials" time="1.462"/>
  <testcase classname="com.qa.testcases.LoginTestCase" name="LoginWithValidCredsAndParrallelAttribute" time="2.533"/>
  <testcase classname="com.qa.testcases.LoginTestCase" name="LoginWithValidCredsAndParrallelAttribute" time="2.741"/>
  <testcase classname="com.qa.testcases.LoginTestCase" name="LoginWithValidCredsAndParrallelAttribute" time="2.569"/>
  <testcase classname="com.qa.testcases.LoginTestCase" name="LoginWithValidCredsAndParrallelAttribute" time="2.83"/>
  <testcase classname="com.qa.testcases.LoginTestCase" name="ValidateForgotPasswordLink" time="0.969"/>
</testsuite> <!-- LoginTest -->
