<?xml version="1.0" encoding="UTF-8"?>
<!-- Generated by org.testng.reporters.JUnitXMLReporter -->
<testsuite ignored="0" hostname="Rinaldo" failures="0" tests="10" name="ParallelTestExecution" time="81.991" errors="0" timestamp="2024-07-28T20:39:32 IST">
  <testcase classname="com.qa.testcases.SearchProducts" name="searchExistingProduct" time="1.765"/>
  <testcase classname="com.qa.testcases.LoginTest" name="LoginWithInvalidCredentials" time="1.214"/>
  <testcase classname="com.qa.testcases.LoginTest" name="LoginWithValidCredentials" time="1.021"/>
  <testcase classname="com.qa.testcases.RegisterTest" name="registerNewUser" time="3.337"/>
  <testcase classname="com.qa.testcases.SearchProducts" name="searchNonExistentProduct" time="10.663"/>
  <testcase classname="com.qa.testcases.LoginTest" name="ValidateForgotPasswordLink" time="3.159"/>
  <testcase classname="com.qa.testcases.RegisterTest" name="registerNewUserWithNewsLetter" time="6.12"/>
  <testcase classname="com.qa.testcases.SearchProducts" name="searchWithoutProductName" time="10.762"/>
  <testcase classname="com.qa.testcases.RegisterTest" name="registerNewUserWithNoInfo" time="0.809"/>
  <testcase classname="com.qa.testcases.RegisterTest" name="verifyRegisterPageDetails" time="0.288"/>
</testsuite> <!-- ParallelTestExecution -->
