<?xml version="1.0" encoding="UTF-8"?>
<!-- Generated by org.testng.reporters.JUnitXMLReporter -->
<testsuite ignored="8" hostname="Rinaldo" failures="0" tests="3" name="RegisterTest" time="10.055" errors="0" timestamp="2024-08-05T16:21:03 IST">
  <testcase classname="com.qa.testcases.RegisterTestCase" name="verifyRegisterPageDetails" time="0.594"/>
  <testcase classname="com.qa.testcases.LoginTestCase" name="ValidateForgotPasswordLink" time="0.941"/>
  <testcase classname="com.qa.testcases.SearchProductTestCase" name="searchExistingProduct" time="0.502"/>
  <testcase classname="com.qa.testcases.RegisterTestCase" name="registerNewUserWithNoInfo" time="0.0">
    <ignored/>
  </testcase> <!-- registerNewUserWithNoInfo -->
  <testcase classname="com.qa.testcases.RegisterTestCase" name="registerNewUser" time="0.0">
    <ignored/>
  </testcase> <!-- registerNewUser -->
  <testcase classname="com.qa.testcases.RegisterTestCase" name="registerNewUserWithNewsLetter" time="0.0">
    <ignored/>
  </testcase> <!-- registerNewUserWithNewsLetter -->
  <testcase classname="com.qa.testcases.SearchProductTestCase" name="searchNonExistentProduct" time="0.0">
    <ignored/>
  </testcase> <!-- searchNonExistentProduct -->
  <testcase classname="com.qa.testcases.SearchProductTestCase" name="searchWithoutProductName" time="0.0">
    <ignored/>
  </testcase> <!-- searchWithoutProductName -->
  <testcase classname="com.qa.testcases.LoginTestCase" name="LoginWithInvalidCredentials" time="0.0">
    <ignored/>
  </testcase> <!-- LoginWithInvalidCredentials -->
  <testcase classname="com.qa.testcases.LoginTestCase" name="LoginWithValidCredentials" time="0.0">
    <ignored/>
  </testcase> <!-- LoginWithValidCredentials -->
  <testcase classname="com.qa.testcases.LoginTestCase" name="LoginWithValidCredsAndParrallelAttribute" time="0.0">
    <ignored/>
  </testcase> <!-- LoginWithValidCredsAndParrallelAttribute -->
</testsuite> <!-- RegisterTest -->
