<?xml version="1.0" encoding="UTF-8"?>
<!-- Generated by org.testng.reporters.JUnitXMLReporter -->
<testsuite ignored="0" hostname="Rinaldo" failures="0" tests="3" name="RegressionTest" time="28.508" errors="0" timestamp="2024-07-28T21:36:20 IST">
  <testcase classname="com.qa.testcases.SearchProducts" name="searchExistingProduct" time="0.634"/>
  <testcase classname="com.qa.testcases.SearchProducts" name="searchNonExistentProduct" time="10.79"/>
  <testcase classname="com.qa.testcases.SearchProducts" name="searchWithoutProductName" time="10.445"/>
</testsuite> <!-- RegressionTest -->
