<?xml version="1.0" encoding="UTF-8"?>
<!-- Generated by org.testng.reporters.JUnitXMLReporter -->
<testsuite ignored="0" hostname="Rinaldo" failures="2" tests="3" name="SearchProductsTest" time="30.218" errors="0" timestamp="2024-08-05T16:19:33 IST">
  <testcase classname="com.qa.testcases.SearchProductTestCase" name="searchExistingProduct" time="0.756"/>
  <testcase classname="com.qa.testcases.SearchProductTestCase" name="searchNonExistentProduct" time="20.607">
    <failure type="java.lang.IllegalArgumentException" message="Expected condition failed: waiting for visibility of Proxy element for: DefaultElementLocator &amp;apos;By.xpath: //p[contains(text(),&amp;apos;There is no product that matches the search criteria.&amp;apos;)]&amp;apos; (tried for 10 second(s) with 500 milliseconds interval)">
      <![CDATA[java.lang.IllegalArgumentException: Expected condition failed: waiting for visibility of Proxy element for: DefaultElementLocator 'By.xpath: //p[contains(text(),'There is no product that matches the search criteria.')]' (tried for 10 second(s) with 500 milliseconds interval)
at com.qa.interactions.PageInteraction.explicitWait(PageInteraction.java:186)
at com.qa.pages.HomePage.checkIfProductExists(HomePage.java:129)
at com.qa.testcases.SearchProductTestCase.searchNonExistentProduct(SearchProductTestCase.java:21)
at java.base/java.util.ArrayList.forEach(ArrayList.java:1511)
... Removed 27 stack frames]]>
    </failure>
  </testcase> <!-- searchNonExistentProduct -->
  <testcase classname="com.qa.testcases.SearchProductTestCase" name="searchWithoutProductName" time="0.359">
    <failure type="java.lang.AssertionError" message="The specified product exists...!!">
      <![CDATA[java.lang.AssertionError: The specified product exists...!!
at com.qa.pages.HomePage.checkIfProductExists(HomePage.java:136)
at com.qa.testcases.SearchProductTestCase.searchWithoutProductName(SearchProductTestCase.java:28)
at java.base/java.util.ArrayList.forEach(ArrayList.java:1511)
... Removed 28 stack frames]]>
    </failure>
  </testcase> <!-- searchWithoutProductName -->
</testsuite> <!-- SearchProductsTest -->
