<?xml version="1.0" encoding="UTF-8"?>
<!-- Generated by org.testng.reporters.JUnitXMLReporter -->
<testsuite ignored="0" hostname="Rinaldo" failures="2" tests="3" name="SmokeTest" time="23.37" errors="0" timestamp="2024-07-31T22:42:52 IST">
  <testcase classname="com.qa.testcases.SearchProducts" name="searchExistingProduct" time="0.321"/>
  <testcase classname="com.qa.testcases.SearchProducts" name="searchWithoutProductName" time="0.321">
    <failure type="java.lang.AssertionError" message="The specified product exists...!!">
      <![CDATA[java.lang.AssertionError: The specified product exists...!!
at com.qa.pages.HomePage.checkIfProductExists(HomePage.java:102)
at com.qa.testcases.SearchProducts.searchWithoutProductName(SearchProducts.java:34)
at java.base/java.util.concurrent.ThreadPoolExecutor.runWorker(ThreadPoolExecutor.java:1136)
at java.base/java.util.concurrent.ThreadPoolExecutor$Worker.run(ThreadPoolExecutor.java:635)
at java.base/java.lang.Thread.run(Thread.java:833)
... Removed 13 stack frames]]>
    </failure>
  </testcase> <!-- searchWithoutProductName -->
  <testcase classname="com.qa.testcases.SearchProducts" name="searchNonExistentProduct" time="20.689">
    <failure type="java.lang.IllegalArgumentException" message="Expected condition failed: waiting for visibility of Proxy element for: DefaultElementLocator &amp;apos;By.xpath: //p[contains(text(),&amp;apos;There is no product that matches the search criteria.&amp;apos;)]&amp;apos; (tried for 10 second(s) with 500 milliseconds interval)">
      <![CDATA[java.lang.IllegalArgumentException: Expected condition failed: waiting for visibility of Proxy element for: DefaultElementLocator 'By.xpath: //p[contains(text(),'There is no product that matches the search criteria.')]' (tried for 10 second(s) with 500 milliseconds interval)
at com.qa.interactions.PageInteraction.explicitWait(PageInteraction.java:138)
at com.qa.pages.HomePage.checkIfProductExists(HomePage.java:95)
at com.qa.testcases.SearchProducts.searchNonExistentProduct(SearchProducts.java:28)
at java.base/java.util.concurrent.ThreadPoolExecutor.runWorker(ThreadPoolExecutor.java:1136)
at java.base/java.util.concurrent.ThreadPoolExecutor$Worker.run(ThreadPoolExecutor.java:635)
at java.base/java.lang.Thread.run(Thread.java:833)
... Removed 12 stack frames]]>
    </failure>
  </testcase> <!-- searchNonExistentProduct -->
</testsuite> <!-- SmokeTest -->
