<?xml version="1.0" encoding="UTF-8"?>
<!-- Generated by org.testng.reporters.JUnitXMLReporter -->
<testsuite ignored="0" hostname="Rinaldo" failures="0" tests="3" name="Test" time="27.717" errors="0" timestamp="2024-07-26T17:24:03 IST">
  <testcase classname="com.qa.testcases.SearchProducts" name="searchExistingProduct" time="0.444"/>
  <testcase classname="com.qa.testcases.SearchProducts" name="searchNonExistentProduct" time="10.415"/>
  <testcase classname="com.qa.testcases.SearchProducts" name="searchWithoutProductName" time="10.409"/>
</testsuite> <!-- Test -->
